<?xml version="1.0" encoding="UTF-8"?>
<testsuite name="org.ggyool.exam01.web.tempTest" tests="1" skipped="0" failures="0" errors="0" timestamp="2020-05-12T16:46:37" hostname="ggyool.local" time="0.002">
  <properties/>
  <testcase name="test" classname="org.ggyool.exam01.web.tempTest" time="0.002"/>
  <system-out><![CDATA[class org.ggyool.exam01.domain.user.Role
class java.lang.String
]]></system-out>
  <system-err><![CDATA[]]></system-err>
</testsuite>
