<?xml version="1.0" encoding="UTF-8"?>
<testsuite name="org.ggyool.exam01.web.dto.HelloResponseDtoTest" tests="1" skipped="0" failures="0" errors="0" timestamp="2020-05-14T16:41:29" hostname="ggyool.local" time="0.038">
  <properties/>
  <testcase name="롬복기능테스트" classname="org.ggyool.exam01.web.dto.HelloResponseDtoTest" time="0.038"/>
  <system-out><![CDATA[]]></system-out>
  <system-err><![CDATA[]]></system-err>
</testsuite>
