<?xml version="1.0" encoding="UTF-8"?>
<testsuite name="org.ggyool.exam01.web.domain.posts.PostsRepositoryTest" tests="2" skipped="0" failures="0" errors="0" timestamp="2020-05-14T16:41:33" hostname="ggyool.local" time="0.16">
  <properties/>
  <testcase name="게시글저장_불러오기" classname="org.ggyool.exam01.web.domain.posts.PostsRepositoryTest" time="0.15"/>
  <testcase name="BaseTImeEntity_등록" classname="org.ggyool.exam01.web.domain.posts.PostsRepositoryTest" time="0.01"/>
  <system-out><![CDATA[2020-05-15 01:41:29.773  INFO 1284 --- [    Test worker] .b.t.c.SpringBootTestContextBootstrapper : Neither @ContextConfiguration nor @ContextHierarchy found for test class [org.ggyool.exam01.web.domain.posts.PostsRepositoryTest], using SpringBootContextLoader
2020-05-15 01:41:29.773  INFO 1284 --- [    Test worker] o.s.t.c.support.AbstractContextLoader    : Could not detect default resource locations for test class [org.ggyool.exam01.web.domain.posts.PostsRepositoryTest]: no resource found for suffixes {-context.xml, Context.groovy}.
2020-05-15 01:41:29.773  INFO 1284 --- [    Test worker] t.c.s.AnnotationConfigContextLoaderUtils : Could not detect default configuration classes for test class [org.ggyool.exam01.web.domain.posts.PostsRepositoryTest]: PostsRepositoryTest does not declare any static, non-private, non-final, nested classes annotated with @Configuration.
2020-05-15 01:41:29.783  INFO 1284 --- [    Test worker] .b.t.c.SpringBootTestContextBootstrapper : Found @SpringBootConfiguration org.ggyool.exam01.Application for test class org.ggyool.exam01.web.domain.posts.PostsRepositoryTest
2020-05-15 01:41:29.785  INFO 1284 --- [    Test worker] .b.t.c.SpringBootTestContextBootstrapper : Loaded default TestExecutionListener class names from location [META-INF/spring.factories]: [org.springframework.security.test.context.support.WithSecurityContextTestExecutionListener, org.springframework.security.test.context.support.ReactorContextTestExecutionListener, org.springframework.boot.test.autoconfigure.restdocs.RestDocsTestExecutionListener, org.springframework.boot.test.autoconfigure.web.client.MockRestServiceServerResetTestExecutionListener, org.springframework.boot.test.autoconfigure.web.servlet.MockMvcPrintOnlyOnFailureTestExecutionListener, org.springframework.boot.test.autoconfigure.web.servlet.WebDriverTestExecutionListener, org.springframework.boot.test.mock.mockito.MockitoTestExecutionListener, org.springframework.boot.test.mock.mockito.ResetMocksTestExecutionListener, org.springframework.test.context.web.ServletTestExecutionListener, org.springframework.test.context.support.DirtiesContextBeforeModesTestExecutionListener, org.springframework.test.context.support.DependencyInjectionTestExecutionListener, org.springframework.test.context.support.DirtiesContextTestExecutionListener, org.springframework.test.context.transaction.TransactionalTestExecutionListener, org.springframework.test.context.jdbc.SqlScriptsTestExecutionListener]
2020-05-15 01:41:29.786  INFO 1284 --- [    Test worker] .b.t.c.SpringBootTestContextBootstrapper : Using TestExecutionListeners: [org.springframework.test.context.web.ServletTestExecutionListener@1dcf35f6, org.springframework.test.context.support.DirtiesContextBeforeModesTestExecutionListener@6c252530, org.springframework.boot.test.mock.mockito.MockitoTestExecutionListener@78252f6a, org.springframework.boot.test.autoconfigure.SpringBootDependencyInjectionTestExecutionListener@264a80f7, org.springframework.test.context.support.DirtiesContextTestExecutionListener@42ce714d, org.springframework.test.context.transaction.TransactionalTestExecutionListener@787d081, org.springframework.test.context.jdbc.SqlScriptsTestExecutionListener@5688f164, org.springframework.security.test.context.support.WithSecurityContextTestExecutionListener@24378e7a, org.springframework.security.test.context.support.ReactorContextTestExecutionListener@1542c7a8, org.springframework.boot.test.autoconfigure.restdocs.RestDocsTestExecutionListener@2c780e59, org.springframework.boot.test.autoconfigure.web.client.MockRestServiceServerResetTestExecutionListener@3d6ac963, org.springframework.boot.test.autoconfigure.web.servlet.MockMvcPrintOnlyOnFailureTestExecutionListener@2536c4ea, org.springframework.boot.test.autoconfigure.web.servlet.WebDriverTestExecutionListener@26ca2863, org.springframework.boot.test.mock.mockito.ResetMocksTestExecutionListener@4aace025]

  .   ____          _            __ _ _
 /\\ / ___'_ __ _ _(_)_ __  __ _ \ \ \ \
( ( )\___ | '_ | '_| | '_ \/ _` | \ \ \ \
 \\/  ___)| |_)| | | | | || (_| |  ) ) ) )
  '  |____| .__|_| |_|_| |_\__, | / / / /
 =========|_|==============|___/=/_/_/_/
 :: Spring Boot ::        (v2.1.7.RELEASE)

2020-05-15 01:41:29.805  INFO 1284 --- [    Test worker] o.g.e.w.d.posts.PostsRepositoryTest      : Starting PostsRepositoryTest on ggyool.local with PID 1284 (started by ggyool in /Users/ggyool/Dev/study-alone/springboot-aws-book)
2020-05-15 01:41:29.806  INFO 1284 --- [    Test worker] o.g.e.w.d.posts.PostsRepositoryTest      : No active profile set, falling back to default profiles: default
2020-05-15 01:41:30.183  INFO 1284 --- [    Test worker] .s.d.r.c.RepositoryConfigurationDelegate : Bootstrapping Spring Data repositories in DEFAULT mode.
2020-05-15 01:41:30.240  INFO 1284 --- [    Test worker] .s.d.r.c.RepositoryConfigurationDelegate : Finished Spring Data repository scanning in 51ms. Found 2 repository interfaces.
2020-05-15 01:41:30.522  INFO 1284 --- [    Test worker] trationDelegate$BeanPostProcessorChecker : Bean 'org.springframework.transaction.annotation.ProxyTransactionManagementConfiguration' of type [org.springframework.transaction.annotation.ProxyTransactionManagementConfiguration$$EnhancerBySpringCGLIB$$c3e7fcb] is not eligible for getting processed by all BeanPostProcessors (for example: not eligible for auto-proxying)
2020-05-15 01:41:30.708  INFO 1284 --- [    Test worker] com.zaxxer.hikari.HikariDataSource       : HikariPool-1 - Starting...
2020-05-15 01:41:30.891  INFO 1284 --- [    Test worker] com.zaxxer.hikari.HikariDataSource       : HikariPool-1 - Start completed.
2020-05-15 01:41:30.991  INFO 1284 --- [    Test worker] o.hibernate.jpa.internal.util.LogHelper  : HHH000204: Processing PersistenceUnitInfo [
	name: default
	...]
2020-05-15 01:41:31.075  INFO 1284 --- [    Test worker] org.hibernate.Version                    : HHH000412: Hibernate Core {5.3.10.Final}
2020-05-15 01:41:31.077  INFO 1284 --- [    Test worker] org.hibernate.cfg.Environment            : HHH000206: hibernate.properties not found
2020-05-15 01:41:31.132  INFO 1284 --- [    Test worker] o.hibernate.annotations.common.Version   : HCANN000001: Hibernate Commons Annotations {5.0.4.Final}
2020-05-15 01:41:31.288  INFO 1284 --- [    Test worker] org.hibernate.dialect.Dialect            : HHH000400: Using dialect: org.hibernate.dialect.MySQL5InnoDBDialect
Hibernate: drop table if exists posts
Hibernate: drop table if exists user
Hibernate: create table posts (id bigint not null auto_increment, create_date datetime, modified_date datetime, author varchar(255), content TEXT not null, title varchar(500) not null, primary key (id)) engine=InnoDB
Hibernate: create table user (id bigint not null auto_increment, create_date datetime, modified_date datetime, email varchar(255) not null, name varchar(255) not null, picture varchar(255), role varchar(255) not null, primary key (id)) engine=InnoDB
2020-05-15 01:41:32.085  INFO 1284 --- [    Test worker] o.h.t.schema.internal.SchemaCreatorImpl  : HHH000476: Executing import script 'org.hibernate.tool.schema.internal.exec.ScriptSourceInputNonExistentImpl@5d2b6416'
2020-05-15 01:41:32.088  INFO 1284 --- [    Test worker] j.LocalContainerEntityManagerFactoryBean : Initialized JPA EntityManagerFactory for persistence unit 'default'
2020-05-15 01:41:32.597  INFO 1284 --- [    Test worker] o.h.h.i.QueryTranslatorFactoryInitiator  : HHH000397: Using ASTQueryTranslatorFactory
2020-05-15 01:41:32.884  INFO 1284 --- [    Test worker] o.s.s.web.DefaultSecurityFilterChain     : Creating filter chain: any request, [org.springframework.security.web.context.request.async.WebAsyncManagerIntegrationFilter@78d156d9, org.springframework.security.web.context.SecurityContextPersistenceFilter@26eef1ee, org.springframework.security.web.header.HeaderWriterFilter@85243be, org.springframework.security.web.authentication.logout.LogoutFilter@574bdce1, org.springframework.security.oauth2.client.web.OAuth2AuthorizationRequestRedirectFilter@99e8d21, org.springframework.security.oauth2.client.web.OAuth2LoginAuthenticationFilter@56d6cbeb, org.springframework.security.web.authentication.ui.DefaultLoginPageGeneratingFilter@67b3c41, org.springframework.security.web.authentication.ui.DefaultLogoutPageGeneratingFilter@d4ec16e, org.springframework.security.web.savedrequest.RequestCacheAwareFilter@34721f1e, org.springframework.security.web.servletapi.SecurityContextHolderAwareRequestFilter@2e27f59d, org.springframework.security.web.authentication.AnonymousAuthenticationFilter@6da7dabf, org.springframework.security.web.session.SessionManagementFilter@5b5a830, org.springframework.security.web.access.ExceptionTranslationFilter@5768acc9, org.springframework.security.web.access.intercept.FilterSecurityInterceptor@7556c498]
2020-05-15 01:41:33.256  INFO 1284 --- [    Test worker] o.s.s.concurrent.ThreadPoolTaskExecutor  : Initializing ExecutorService 'applicationTaskExecutor'
2020-05-15 01:41:33.276  WARN 1284 --- [    Test worker] aWebConfiguration$JpaWebMvcConfiguration : spring.jpa.open-in-view is enabled by default. Therefore, database queries may be performed during view rendering. Explicitly configure spring.jpa.open-in-view to disable this warning
2020-05-15 01:41:33.315  INFO 1284 --- [    Test worker] o.s.b.a.w.s.WelcomePageHandlerMapping    : Adding welcome page template: index
2020-05-15 01:41:33.696  INFO 1284 --- [    Test worker] s.a.ScheduledAnnotationBeanPostProcessor : No TaskScheduler/ScheduledExecutorService bean found for scheduled processing
2020-05-15 01:41:33.704  INFO 1284 --- [    Test worker] o.g.e.w.d.posts.PostsRepositoryTest      : Started PostsRepositoryTest in 3.914 seconds (JVM running for 6.951)
Hibernate: insert into posts (create_date, modified_date, author, content, title) values (?, ?, ?, ?, ?)
Hibernate: select posts0_.id as id1_0_, posts0_.create_date as create_d2_0_, posts0_.modified_date as modified3_0_, posts0_.author as author4_0_, posts0_.content as content5_0_, posts0_.title as title6_0_ from posts posts0_
Hibernate: select posts0_.id as id1_0_, posts0_.create_date as create_d2_0_, posts0_.modified_date as modified3_0_, posts0_.author as author4_0_, posts0_.content as content5_0_, posts0_.title as title6_0_ from posts posts0_
Hibernate: delete from posts where id=?
Hibernate: insert into posts (create_date, modified_date, author, content, title) values (?, ?, ?, ?, ?)
Hibernate: select posts0_.id as id1_0_, posts0_.create_date as create_d2_0_, posts0_.modified_date as modified3_0_, posts0_.author as author4_0_, posts0_.content as content5_0_, posts0_.title as title6_0_ from posts posts0_
>>>>>>>>>> createDate=2020-05-15T01:41:33.860
>>>>>>>>>> modifiedDate=2020-05-15T01:41:33.860
Hibernate: select posts0_.id as id1_0_, posts0_.create_date as create_d2_0_, posts0_.modified_date as modified3_0_, posts0_.author as author4_0_, posts0_.content as content5_0_, posts0_.title as title6_0_ from posts posts0_
Hibernate: delete from posts where id=?
]]></system-out>
  <system-err><![CDATA[]]></system-err>
</testsuite>
