<?xml version="1.0" encoding="UTF-8"?>
<testsuite name="org.ggyool.exam01.web.IndexControllerTest" tests="1" skipped="0" failures="0" errors="0" timestamp="2020-05-14T16:41:35" hostname="ggyool.local" time="0.225">
  <properties/>
  <testcase name="메인페이지_로딩" classname="org.ggyool.exam01.web.IndexControllerTest" time="0.225"/>
  <system-out><![CDATA[2020-05-15 01:41:33.870  INFO 1284 --- [    Test worker] .b.t.c.SpringBootTestContextBootstrapper : Neither @ContextConfiguration nor @ContextHierarchy found for test class [org.ggyool.exam01.web.IndexControllerTest], using SpringBootContextLoader
2020-05-15 01:41:33.871  INFO 1284 --- [    Test worker] o.s.t.c.support.AbstractContextLoader    : Could not detect default resource locations for test class [org.ggyool.exam01.web.IndexControllerTest]: no resource found for suffixes {-context.xml, Context.groovy}.
2020-05-15 01:41:33.871  INFO 1284 --- [    Test worker] t.c.s.AnnotationConfigContextLoaderUtils : Could not detect default configuration classes for test class [org.ggyool.exam01.web.IndexControllerTest]: IndexControllerTest does not declare any static, non-private, non-final, nested classes annotated with @Configuration.
2020-05-15 01:41:33.872  INFO 1284 --- [    Test worker] .b.t.c.SpringBootTestContextBootstrapper : Found @SpringBootConfiguration org.ggyool.exam01.Application for test class org.ggyool.exam01.web.IndexControllerTest
2020-05-15 01:41:33.872  INFO 1284 --- [    Test worker] .b.t.c.SpringBootTestContextBootstrapper : Loaded default TestExecutionListener class names from location [META-INF/spring.factories]: [org.springframework.security.test.context.support.WithSecurityContextTestExecutionListener, org.springframework.security.test.context.support.ReactorContextTestExecutionListener, org.springframework.boot.test.autoconfigure.restdocs.RestDocsTestExecutionListener, org.springframework.boot.test.autoconfigure.web.client.MockRestServiceServerResetTestExecutionListener, org.springframework.boot.test.autoconfigure.web.servlet.MockMvcPrintOnlyOnFailureTestExecutionListener, org.springframework.boot.test.autoconfigure.web.servlet.WebDriverTestExecutionListener, org.springframework.boot.test.mock.mockito.MockitoTestExecutionListener, org.springframework.boot.test.mock.mockito.ResetMocksTestExecutionListener, org.springframework.test.context.web.ServletTestExecutionListener, org.springframework.test.context.support.DirtiesContextBeforeModesTestExecutionListener, org.springframework.test.context.support.DependencyInjectionTestExecutionListener, org.springframework.test.context.support.DirtiesContextTestExecutionListener, org.springframework.test.context.transaction.TransactionalTestExecutionListener, org.springframework.test.context.jdbc.SqlScriptsTestExecutionListener]
2020-05-15 01:41:33.873  INFO 1284 --- [    Test worker] .b.t.c.SpringBootTestContextBootstrapper : Using TestExecutionListeners: [org.springframework.test.context.web.ServletTestExecutionListener@2fc03b22, org.springframework.test.context.support.DirtiesContextBeforeModesTestExecutionListener@17ec104f, org.springframework.boot.test.mock.mockito.MockitoTestExecutionListener@f368063, org.springframework.boot.test.autoconfigure.SpringBootDependencyInjectionTestExecutionListener@6a7cd11, org.springframework.test.context.support.DirtiesContextTestExecutionListener@2890ffcc, org.springframework.test.context.transaction.TransactionalTestExecutionListener@5f89fcf9, org.springframework.test.context.jdbc.SqlScriptsTestExecutionListener@64075af3, org.springframework.security.test.context.support.WithSecurityContextTestExecutionListener@5cf0cc27, org.springframework.security.test.context.support.ReactorContextTestExecutionListener@733126ea, org.springframework.boot.test.autoconfigure.restdocs.RestDocsTestExecutionListener@634f7241, org.springframework.boot.test.autoconfigure.web.client.MockRestServiceServerResetTestExecutionListener@3d416c19, org.springframework.boot.test.autoconfigure.web.servlet.MockMvcPrintOnlyOnFailureTestExecutionListener@678a1e62, org.springframework.boot.test.autoconfigure.web.servlet.WebDriverTestExecutionListener@1d76720f, org.springframework.boot.test.mock.mockito.ResetMocksTestExecutionListener@5b3d69a]

  .   ____          _            __ _ _
 /\\ / ___'_ __ _ _(_)_ __  __ _ \ \ \ \
( ( )\___ | '_ | '_| | '_ \/ _` | \ \ \ \
 \\/  ___)| |_)| | | | | || (_| |  ) ) ) )
  '  |____| .__|_| |_|_| |_\__, | / / / /
 =========|_|==============|___/=/_/_/_/
 :: Spring Boot ::        (v2.1.7.RELEASE)

2020-05-15 01:41:33.890  INFO 1284 --- [    Test worker] o.ggyool.exam01.web.IndexControllerTest  : Starting IndexControllerTest on ggyool.local with PID 1284 (started by ggyool in /Users/ggyool/Dev/study-alone/springboot-aws-book)
2020-05-15 01:41:33.890  INFO 1284 --- [    Test worker] o.ggyool.exam01.web.IndexControllerTest  : No active profile set, falling back to default profiles: default
2020-05-15 01:41:34.055  INFO 1284 --- [    Test worker] .s.d.r.c.RepositoryConfigurationDelegate : Bootstrapping Spring Data repositories in DEFAULT mode.
2020-05-15 01:41:34.073  INFO 1284 --- [    Test worker] .s.d.r.c.RepositoryConfigurationDelegate : Finished Spring Data repository scanning in 17ms. Found 2 repository interfaces.
2020-05-15 01:41:34.162  INFO 1284 --- [    Test worker] trationDelegate$BeanPostProcessorChecker : Bean 'org.springframework.transaction.annotation.ProxyTransactionManagementConfiguration' of type [org.springframework.transaction.annotation.ProxyTransactionManagementConfiguration$$EnhancerBySpringCGLIB$$c3e7fcb] is not eligible for getting processed by all BeanPostProcessors (for example: not eligible for auto-proxying)
2020-05-15 01:41:34.391  INFO 1284 --- [    Test worker] o.s.b.w.embedded.tomcat.TomcatWebServer  : Tomcat initialized with port(s): 0 (http)
2020-05-15 01:41:34.420  INFO 1284 --- [    Test worker] o.apache.catalina.core.StandardService   : Starting service [Tomcat]
2020-05-15 01:41:34.420  INFO 1284 --- [    Test worker] org.apache.catalina.core.StandardEngine  : Starting Servlet engine: [Apache Tomcat/9.0.22]
2020-05-15 01:41:34.552  INFO 1284 --- [    Test worker] o.a.c.c.C.[Tomcat].[localhost].[/]       : Initializing Spring embedded WebApplicationContext
2020-05-15 01:41:34.552  INFO 1284 --- [    Test worker] o.s.web.context.ContextLoader            : Root WebApplicationContext: initialization completed in 660 ms
2020-05-15 01:41:34.726  INFO 1284 --- [    Test worker] com.zaxxer.hikari.HikariDataSource       : HikariPool-2 - Starting...
2020-05-15 01:41:34.728  INFO 1284 --- [    Test worker] com.zaxxer.hikari.HikariDataSource       : HikariPool-2 - Start completed.
2020-05-15 01:41:34.752  INFO 1284 --- [    Test worker] o.hibernate.jpa.internal.util.LogHelper  : HHH000204: Processing PersistenceUnitInfo [
	name: default
	...]
2020-05-15 01:41:34.757  INFO 1284 --- [    Test worker] org.hibernate.dialect.Dialect            : HHH000400: Using dialect: org.hibernate.dialect.MySQL5InnoDBDialect
Hibernate: drop table if exists posts
Hibernate: drop table if exists user
Hibernate: create table posts (id bigint not null auto_increment, create_date datetime, modified_date datetime, author varchar(255), content TEXT not null, title varchar(500) not null, primary key (id)) engine=InnoDB
Hibernate: create table user (id bigint not null auto_increment, create_date datetime, modified_date datetime, email varchar(255) not null, name varchar(255) not null, picture varchar(255), role varchar(255) not null, primary key (id)) engine=InnoDB
2020-05-15 01:41:34.804  INFO 1284 --- [    Test worker] o.h.t.schema.internal.SchemaCreatorImpl  : HHH000476: Executing import script 'org.hibernate.tool.schema.internal.exec.ScriptSourceInputNonExistentImpl@5d2b6416'
2020-05-15 01:41:34.804  INFO 1284 --- [    Test worker] j.LocalContainerEntityManagerFactoryBean : Initialized JPA EntityManagerFactory for persistence unit 'default'
2020-05-15 01:41:35.114  INFO 1284 --- [    Test worker] o.h.h.i.QueryTranslatorFactoryInitiator  : HHH000397: Using ASTQueryTranslatorFactory
2020-05-15 01:41:35.232  INFO 1284 --- [    Test worker] o.s.s.web.DefaultSecurityFilterChain     : Creating filter chain: any request, [org.springframework.security.web.context.request.async.WebAsyncManagerIntegrationFilter@76610b3a, org.springframework.security.web.context.SecurityContextPersistenceFilter@59045d97, org.springframework.security.web.header.HeaderWriterFilter@3d2df72b, org.springframework.security.web.authentication.logout.LogoutFilter@13b9d52e, org.springframework.security.oauth2.client.web.OAuth2AuthorizationRequestRedirectFilter@3850e779, org.springframework.security.oauth2.client.web.OAuth2LoginAuthenticationFilter@ec0175c, org.springframework.security.web.authentication.ui.DefaultLoginPageGeneratingFilter@682ad559, org.springframework.security.web.authentication.ui.DefaultLogoutPageGeneratingFilter@55ab44bc, org.springframework.security.web.savedrequest.RequestCacheAwareFilter@3e3da293, org.springframework.security.web.servletapi.SecurityContextHolderAwareRequestFilter@6c7b8ed0, org.springframework.security.web.authentication.AnonymousAuthenticationFilter@6aff0a5f, org.springframework.security.web.session.SessionManagementFilter@6d0d2b05, org.springframework.security.web.access.ExceptionTranslationFilter@150e5a0e, org.springframework.security.web.access.intercept.FilterSecurityInterceptor@762aa872]
2020-05-15 01:41:35.398  INFO 1284 --- [    Test worker] o.s.s.concurrent.ThreadPoolTaskExecutor  : Initializing ExecutorService 'applicationTaskExecutor'
2020-05-15 01:41:35.411  WARN 1284 --- [    Test worker] aWebConfiguration$JpaWebMvcConfiguration : spring.jpa.open-in-view is enabled by default. Therefore, database queries may be performed during view rendering. Explicitly configure spring.jpa.open-in-view to disable this warning
2020-05-15 01:41:35.432  INFO 1284 --- [    Test worker] o.s.b.a.w.s.WelcomePageHandlerMapping    : Adding welcome page template: index
2020-05-15 01:41:35.646  INFO 1284 --- [    Test worker] s.a.ScheduledAnnotationBeanPostProcessor : No TaskScheduler/ScheduledExecutorService bean found for scheduled processing
2020-05-15 01:41:35.672  INFO 1284 --- [    Test worker] o.s.b.w.embedded.tomcat.TomcatWebServer  : Tomcat started on port(s): 50996 (http) with context path ''
2020-05-15 01:41:35.673  INFO 1284 --- [    Test worker] o.ggyool.exam01.web.IndexControllerTest  : Started IndexControllerTest in 1.799 seconds (JVM running for 8.921)
2020-05-15 01:41:35.778  INFO 1284 --- [o-auto-1-exec-1] o.a.c.c.C.[Tomcat].[localhost].[/]       : Initializing Spring DispatcherServlet 'dispatcherServlet'
2020-05-15 01:41:35.778  INFO 1284 --- [o-auto-1-exec-1] o.s.web.servlet.DispatcherServlet        : Initializing Servlet 'dispatcherServlet'
2020-05-15 01:41:35.802  INFO 1284 --- [o-auto-1-exec-1] o.s.web.servlet.DispatcherServlet        : Completed initialization in 23 ms
Hibernate: select posts0_.id as id1_0_, posts0_.create_date as create_d2_0_, posts0_.modified_date as modified3_0_, posts0_.author as author4_0_, posts0_.content as content5_0_, posts0_.title as title6_0_ from posts posts0_ order by posts0_.id DESC
]]></system-out>
  <system-err><![CDATA[]]></system-err>
</testsuite>
